1 6.308
2 7.669
3 7.429
4 9.338
5 8.042
6 8.069
7 3.313
8 3.270
9 4.387
10 2.093
11 6.702
12 15.421
13 4.265
14 2.116
15 6.275
16 13.934
17 11.937
18 13.006
19 0.963
20 1.566
21 10.775
22 12.009
23 6.408
24 6.817
25 9.855
26 9.526
27 0.762
28 12.927
29 4.372
30 16.342
31 5.644
32 20.672
33 21.270
34 19.847
35 2.515
36 1.519
37 7.732
38 12.440
39 9.616
40 10.894
41 10.531
42 6.619
43 3.884
44 3.727
45 4.654
46 1.957
47 5.486
48 15.871
49 7.579
50 8.822
51 4.563
52 13.406
53 8.686
54 14.189
55 11.095
56 13.423
57 9.017
58 8.050
59 10.852
60 6.696
61 9.511
62 1.010
63 9.251
64 0.839
65 14.121
66 2.238
67 4.887
68 13.223
69 19.457
70 1.764
71 4.116
72 7.083
73 8.783
74 18.497
75 9.248
76 23.175
77 12.572
78 2.830
79 3.525
80 2.196
81 3.193
82 4.829
83 6.672
84 3.764
85 8.455
86 4.756
87 6.036
88 1.168
89 1.165
90 12.808
91 6.230
92 8.243
93 12.873
94 0.691
95 7.755
96 19.152
97 11.112
98 6.873
99 12.933
100 11.044
